<?xml version="1.0" encoding="UTF-8"?>
<!-- Generated by org.testng.reporters.JUnitXMLReporter -->
<testsuite ignored="0" hostname="LAPTOP-F2UCA4CL" failures="0" tests="8" name="Test" time="49.243" errors="0" timestamp="2026-01-27T10:56:13 IST">
  <testcase classname="practice_project.ProjectTest" name="TestLogin" time="2.811"/>
  <testcase classname="practice_project.ProjectTest" name="TestAddToCart" time="4.613"/>
  <testcase classname="practice_project.ProjectTest" name="TestAddToCart2" time="2.192"/>
  <testcase classname="practice_project.ProjectTest" name="TestAddToCart3" time="4.076"/>
  <testcase classname="practice_project.ProjectTest" name="TestAddToWishlist" time="3.411"/>
  <testcase classname="practice_project.ProjectTest" name="TestEmailToFriend" time="5.724"/>
  <testcase classname="practice_project.ProjectTest" name="TestCheckout" time="13.77"/>
  <testcase classname="practice_project.ProjectTest" name="TestLogOut" time="1.509"/>
</testsuite> <!-- Test -->
