<?xml version="1.0" encoding="UTF-8"?>
<testng-results ignored="0" total="8" passed="8" failed="0" skipped="0">
  <reporter-output>
  </reporter-output>
  <suite started-at="2026-01-27T10:55:24 IST" name="Suite" finished-at="2026-01-27T10:56:13 IST" duration-ms="49243">
    <groups>
    </groups>
    <test started-at="2026-01-27T10:55:24 IST" name="Test" finished-at="2026-01-27T10:56:13 IST" duration-ms="49243">
      <class name="practice_project.ProjectTest">
        <test-method is-config="true" signature="setup()[pri:0, instance:practice_project.ProjectTest@2f4948e4]" started-at="2026-01-27T10:55:24 IST" name="setup" finished-at="2026-01-27T10:55:34 IST" duration-ms="10322" status="PASS">
          <reporter-output>
          </reporter-output>
        </test-method> <!-- setup -->
        <test-method signature="TestLogin()[pri:1, instance:practice_project.ProjectTest@2f4948e4]" started-at="2026-01-27T10:55:34 IST" name="TestLogin" finished-at="2026-01-27T10:55:37 IST" duration-ms="2811" status="PASS">
          <reporter-output>
          </reporter-output>
        </test-method> <!-- TestLogin -->
        <test-method signature="TestAddToCart()[pri:2, instance:practice_project.ProjectTest@2f4948e4]" started-at="2026-01-27T10:55:37 IST" name="TestAddToCart" finished-at="2026-01-27T10:55:42 IST" duration-ms="4613" status="PASS">
          <reporter-output>
          </reporter-output>
        </test-method> <!-- TestAddToCart -->
        <test-method signature="TestAddToCart2()[pri:3, instance:practice_project.ProjectTest@2f4948e4]" started-at="2026-01-27T10:55:42 IST" name="TestAddToCart2" finished-at="2026-01-27T10:55:44 IST" duration-ms="2192" status="PASS">
          <reporter-output>
          </reporter-output>
        </test-method> <!-- TestAddToCart2 -->
        <test-method signature="TestAddToCart3()[pri:4, instance:practice_project.ProjectTest@2f4948e4]" started-at="2026-01-27T10:55:44 IST" name="TestAddToCart3" finished-at="2026-01-27T10:55:48 IST" duration-ms="4076" status="PASS">
          <reporter-output>
          </reporter-output>
        </test-method> <!-- TestAddToCart3 -->
        <test-method signature="TestAddToWishlist()[pri:5, instance:practice_project.ProjectTest@2f4948e4]" started-at="2026-01-27T10:55:48 IST" name="TestAddToWishlist" finished-at="2026-01-27T10:55:51 IST" duration-ms="3411" status="PASS">
          <reporter-output>
          </reporter-output>
        </test-method> <!-- TestAddToWishlist -->
        <test-method signature="TestEmailToFriend()[pri:6, instance:practice_project.ProjectTest@2f4948e4]" started-at="2026-01-27T10:55:51 IST" name="TestEmailToFriend" finished-at="2026-01-27T10:55:57 IST" duration-ms="5724" status="PASS">
          <reporter-output>
          </reporter-output>
        </test-method> <!-- TestEmailToFriend -->
        <test-method signature="TestCheckout()[pri:7, instance:practice_project.ProjectTest@2f4948e4]" started-at="2026-01-27T10:55:57 IST" name="TestCheckout" finished-at="2026-01-27T10:56:11 IST" duration-ms="13770" status="PASS">
          <reporter-output>
          </reporter-output>
        </test-method> <!-- TestCheckout -->
        <test-method signature="TestLogOut()[pri:8, instance:practice_project.ProjectTest@2f4948e4]" started-at="2026-01-27T10:56:11 IST" name="TestLogOut" finished-at="2026-01-27T10:56:12 IST" duration-ms="1509" status="PASS">
          <reporter-output>
          </reporter-output>
        </test-method> <!-- TestLogOut -->
        <test-method is-config="true" signature="tearDown()[pri:0, instance:practice_project.ProjectTest@2f4948e4]" started-at="2026-01-27T10:56:12 IST" name="tearDown" finished-at="2026-01-27T10:56:13 IST" duration-ms="646" status="PASS">
          <reporter-output>
          </reporter-output>
        </test-method> <!-- tearDown -->
      </class> <!-- practice_project.ProjectTest -->
    </test> <!-- Test -->
  </suite> <!-- Suite -->
</testng-results>
